<?xml version="1.0" encoding="UTF-8"?>
<testsuite xmlns:xsi="http://www.w3.org/2001/XMLSchema-instance" xsi:noNamespaceSchemaLocation="https://maven.apache.org/surefire/maven-surefire-plugin/xsd/surefire-test-report-3.0.xsd" version="3.0" name="com.runner.TestRunner" time="63.609" tests="3" errors="0" skipped="0" failures="0">
  <properties>
    <property name="sun.desktop" value="windows"/>
    <property name="awt.toolkit" value="sun.awt.windows.WToolkit"/>
    <property name="java.specification.version" value="11"/>
    <property name="webdriver.chrome.driver" value="C:\installables\chromedriver.exe"/>
    <property name="sun.cpu.isalist" value="amd64"/>
    <property name="sun.jnu.encoding" value="Cp1252"/>
    <property name="java.class.path" value="C:\Users\pamaniva\eclipse-workspace\Flyaway\target\test-classes;C:\Users\pamaniva\eclipse-workspace\Flyaway\target\classes;C:\Users\pamaniva\.m2\repository\io\cucumber\cucumber-java\7.1.0\cucumber-java-7.1.0.jar;C:\Users\pamaniva\.m2\repository\io\cucumber\cucumber-core\7.1.0\cucumber-core-7.1.0.jar;C:\Users\pamaniva\.m2\repository\io\cucumber\cucumber-gherkin\7.1.0\cucumber-gherkin-7.1.0.jar;C:\Users\pamaniva\.m2\repository\io\cucumber\cucumber-gherkin-messages\7.1.0\cucumber-gherkin-messages-7.1.0.jar;C:\Users\pamaniva\.m2\repository\io\cucumber\messages\17.1.1\messages-17.1.1.jar;C:\Users\pamaniva\.m2\repository\io\cucumber\tag-expressions\4.1.0\tag-expressions-4.1.0.jar;C:\Users\pamaniva\.m2\repository\io\cucumber\cucumber-expressions\13.0.1\cucumber-expressions-13.0.1.jar;C:\Users\pamaniva\.m2\repository\io\cucumber\datatable\7.1.0\datatable-7.1.0.jar;C:\Users\pamaniva\.m2\repository\io\cucumber\cucumber-plugin\7.1.0\cucumber-plugin-7.1.0.jar;C:\Users\pamaniva\.m2\repository\io\cucumber\docstring\7.1.0\docstring-7.1.0.jar;C:\Users\pamaniva\.m2\repository\io\cucumber\html-formatter\17.0.0\html-formatter-17.0.0.jar;C:\Users\pamaniva\.m2\repository\io\cucumber\create-meta\6.0.4\create-meta-6.0.4.jar;C:\Users\pamaniva\.m2\repository\org\apiguardian\apiguardian-api\1.1.2\apiguardian-api-1.1.2.jar;C:\Users\pamaniva\.m2\repository\io\cucumber\cucumber-junit\4.0.1\cucumber-junit-4.0.1.jar;C:\Users\pamaniva\.m2\repository\junit\junit\4.11\junit-4.11.jar;C:\Users\pamaniva\.m2\repository\org\hamcrest\hamcrest-core\1.3\hamcrest-core-1.3.jar;C:\Users\pamaniva\.m2\repository\org\testng\testng\7.4.0\testng-7.4.0.jar;C:\Users\pamaniva\.m2\repository\com\beust\jcommander\1.78\jcommander-1.78.jar;C:\Users\pamaniva\.m2\repository\org\webjars\jquery\3.5.1\jquery-3.5.1.jar;C:\Users\pamaniva\.m2\repository\io\cucumber\cucumber-testng\7.1.0\cucumber-testng-7.1.0.jar;C:\Users\pamaniva\.m2\repository\org\seleniumhq\selenium\selenium-java\3.141.59\selenium-java-3.141.59.jar;C:\Users\pamaniva\.m2\repository\org\seleniumhq\selenium\selenium-api\3.141.59\selenium-api-3.141.59.jar;C:\Users\pamaniva\.m2\repository\org\seleniumhq\selenium\selenium-chrome-driver\3.141.59\selenium-chrome-driver-3.141.59.jar;C:\Users\pamaniva\.m2\repository\org\seleniumhq\selenium\selenium-edge-driver\3.141.59\selenium-edge-driver-3.141.59.jar;C:\Users\pamaniva\.m2\repository\org\seleniumhq\selenium\selenium-firefox-driver\3.141.59\selenium-firefox-driver-3.141.59.jar;C:\Users\pamaniva\.m2\repository\org\seleniumhq\selenium\selenium-ie-driver\3.141.59\selenium-ie-driver-3.141.59.jar;C:\Users\pamaniva\.m2\repository\org\seleniumhq\selenium\selenium-opera-driver\3.141.59\selenium-opera-driver-3.141.59.jar;C:\Users\pamaniva\.m2\repository\org\seleniumhq\selenium\selenium-remote-driver\3.141.59\selenium-remote-driver-3.141.59.jar;C:\Users\pamaniva\.m2\repository\org\seleniumhq\selenium\selenium-safari-driver\3.141.59\selenium-safari-driver-3.141.59.jar;C:\Users\pamaniva\.m2\repository\org\seleniumhq\selenium\selenium-support\3.141.59\selenium-support-3.141.59.jar;C:\Users\pamaniva\.m2\repository\net\bytebuddy\byte-buddy\1.8.15\byte-buddy-1.8.15.jar;C:\Users\pamaniva\.m2\repository\org\apache\commons\commons-exec\1.3\commons-exec-1.3.jar;C:\Users\pamaniva\.m2\repository\com\google\guava\guava\25.0-jre\guava-25.0-jre.jar;C:\Users\pamaniva\.m2\repository\com\google\code\findbugs\jsr305\1.3.9\jsr305-1.3.9.jar;C:\Users\pamaniva\.m2\repository\org\checkerframework\checker-compat-qual\2.0.0\checker-compat-qual-2.0.0.jar;C:\Users\pamaniva\.m2\repository\com\google\errorprone\error_prone_annotations\2.1.3\error_prone_annotations-2.1.3.jar;C:\Users\pamaniva\.m2\repository\com\google\j2objc\j2objc-annotations\1.1\j2objc-annotations-1.1.jar;C:\Users\pamaniva\.m2\repository\org\codehaus\mojo\animal-sniffer-annotations\1.14\animal-sniffer-annotations-1.14.jar;C:\Users\pamaniva\.m2\repository\com\squareup\okhttp3\okhttp\3.11.0\okhttp-3.11.0.jar;C:\Users\pamaniva\.m2\repository\com\squareup\okio\okio\1.14.0\okio-1.14.0.jar;C:\Users\pamaniva\.m2\repository\com\relevantcodes\extentreports\2.41.2\extentreports-2.41.2.jar;C:\Users\pamaniva\.m2\repository\org\jsoup\jsoup\1.8.3\jsoup-1.8.3.jar;C:\Users\pamaniva\.m2\repository\org\xerial\sqlite-jdbc\3.8.11.1\sqlite-jdbc-3.8.11.1.jar;C:\Users\pamaniva\.m2\repository\org\freemarker\freemarker\2.3.23\freemarker-2.3.23.jar;C:\Users\pamaniva\.m2\repository\org\mongodb\mongodb-driver\3.0.4\mongodb-driver-3.0.4.jar;C:\Users\pamaniva\.m2\repository\org\mongodb\bson\3.0.4\bson-3.0.4.jar;C:\Users\pamaniva\.m2\repository\org\mongodb\mongodb-driver-core\3.0.4\mongodb-driver-core-3.0.4.jar;"/>
    <property name="java.vm.vendor" value="Oracle Corporation"/>
    <property name="sun.arch.data.model" value="64"/>
    <property name="user.variant" value=""/>
    <property name="java.vendor.url" value="https://openjdk.java.net/"/>
    <property name="user.timezone" value="Asia/Calcutta"/>
    <property name="java.vm.specification.version" value="11"/>
    <property name="os.name" value="Windows 10"/>
    <property name="sun.java.launcher" value="SUN_STANDARD"/>
    <property name="user.country" value="IN"/>
    <property name="sun.boot.library.path" value="C:\Program Files\Java\jdk-11.0.12\bin"/>
    <property name="sun.java.command" value="C:\Users\pamaniva\AppData\Local\Temp\surefire7947123928929484795\surefirebooter11571798042547634836.jar C:\Users\pamaniva\AppData\Local\Temp\surefire7947123928929484795 2021-12-26T18-59-22_738-jvmRun1 surefire2718397623747527662tmp surefire_0736380230512683787tmp"/>
    <property name="jdk.debug" value="release"/>
    <property name="surefire.test.class.path" value="C:\Users\pamaniva\eclipse-workspace\Flyaway\target\test-classes;C:\Users\pamaniva\eclipse-workspace\Flyaway\target\classes;C:\Users\pamaniva\.m2\repository\io\cucumber\cucumber-java\7.1.0\cucumber-java-7.1.0.jar;C:\Users\pamaniva\.m2\repository\io\cucumber\cucumber-core\7.1.0\cucumber-core-7.1.0.jar;C:\Users\pamaniva\.m2\repository\io\cucumber\cucumber-gherkin\7.1.0\cucumber-gherkin-7.1.0.jar;C:\Users\pamaniva\.m2\repository\io\cucumber\cucumber-gherkin-messages\7.1.0\cucumber-gherkin-messages-7.1.0.jar;C:\Users\pamaniva\.m2\repository\io\cucumber\messages\17.1.1\messages-17.1.1.jar;C:\Users\pamaniva\.m2\repository\io\cucumber\tag-expressions\4.1.0\tag-expressions-4.1.0.jar;C:\Users\pamaniva\.m2\repository\io\cucumber\cucumber-expressions\13.0.1\cucumber-expressions-13.0.1.jar;C:\Users\pamaniva\.m2\repository\io\cucumber\datatable\7.1.0\datatable-7.1.0.jar;C:\Users\pamaniva\.m2\repository\io\cucumber\cucumber-plugin\7.1.0\cucumber-plugin-7.1.0.jar;C:\Users\pamaniva\.m2\repository\io\cucumber\docstring\7.1.0\docstring-7.1.0.jar;C:\Users\pamaniva\.m2\repository\io\cucumber\html-formatter\17.0.0\html-formatter-17.0.0.jar;C:\Users\pamaniva\.m2\repository\io\cucumber\create-meta\6.0.4\create-meta-6.0.4.jar;C:\Users\pamaniva\.m2\repository\org\apiguardian\apiguardian-api\1.1.2\apiguardian-api-1.1.2.jar;C:\Users\pamaniva\.m2\repository\io\cucumber\cucumber-junit\4.0.1\cucumber-junit-4.0.1.jar;C:\Users\pamaniva\.m2\repository\junit\junit\4.11\junit-4.11.jar;C:\Users\pamaniva\.m2\repository\org\hamcrest\hamcrest-core\1.3\hamcrest-core-1.3.jar;C:\Users\pamaniva\.m2\repository\org\testng\testng\7.4.0\testng-7.4.0.jar;C:\Users\pamaniva\.m2\repository\com\beust\jcommander\1.78\jcommander-1.78.jar;C:\Users\pamaniva\.m2\repository\org\webjars\jquery\3.5.1\jquery-3.5.1.jar;C:\Users\pamaniva\.m2\repository\io\cucumber\cucumber-testng\7.1.0\cucumber-testng-7.1.0.jar;C:\Users\pamaniva\.m2\repository\org\seleniumhq\selenium\selenium-java\3.141.59\selenium-java-3.141.59.jar;C:\Users\pamaniva\.m2\repository\org\seleniumhq\selenium\selenium-api\3.141.59\selenium-api-3.141.59.jar;C:\Users\pamaniva\.m2\repository\org\seleniumhq\selenium\selenium-chrome-driver\3.141.59\selenium-chrome-driver-3.141.59.jar;C:\Users\pamaniva\.m2\repository\org\seleniumhq\selenium\selenium-edge-driver\3.141.59\selenium-edge-driver-3.141.59.jar;C:\Users\pamaniva\.m2\repository\org\seleniumhq\selenium\selenium-firefox-driver\3.141.59\selenium-firefox-driver-3.141.59.jar;C:\Users\pamaniva\.m2\repository\org\seleniumhq\selenium\selenium-ie-driver\3.141.59\selenium-ie-driver-3.141.59.jar;C:\Users\pamaniva\.m2\repository\org\seleniumhq\selenium\selenium-opera-driver\3.141.59\selenium-opera-driver-3.141.59.jar;C:\Users\pamaniva\.m2\repository\org\seleniumhq\selenium\selenium-remote-driver\3.141.59\selenium-remote-driver-3.141.59.jar;C:\Users\pamaniva\.m2\repository\org\seleniumhq\selenium\selenium-safari-driver\3.141.59\selenium-safari-driver-3.141.59.jar;C:\Users\pamaniva\.m2\repository\org\seleniumhq\selenium\selenium-support\3.141.59\selenium-support-3.141.59.jar;C:\Users\pamaniva\.m2\repository\net\bytebuddy\byte-buddy\1.8.15\byte-buddy-1.8.15.jar;C:\Users\pamaniva\.m2\repository\org\apache\commons\commons-exec\1.3\commons-exec-1.3.jar;C:\Users\pamaniva\.m2\repository\com\google\guava\guava\25.0-jre\guava-25.0-jre.jar;C:\Users\pamaniva\.m2\repository\com\google\code\findbugs\jsr305\1.3.9\jsr305-1.3.9.jar;C:\Users\pamaniva\.m2\repository\org\checkerframework\checker-compat-qual\2.0.0\checker-compat-qual-2.0.0.jar;C:\Users\pamaniva\.m2\repository\com\google\errorprone\error_prone_annotations\2.1.3\error_prone_annotations-2.1.3.jar;C:\Users\pamaniva\.m2\repository\com\google\j2objc\j2objc-annotations\1.1\j2objc-annotations-1.1.jar;C:\Users\pamaniva\.m2\repository\org\codehaus\mojo\animal-sniffer-annotations\1.14\animal-sniffer-annotations-1.14.jar;C:\Users\pamaniva\.m2\repository\com\squareup\okhttp3\okhttp\3.11.0\okhttp-3.11.0.jar;C:\Users\pamaniva\.m2\repository\com\squareup\okio\okio\1.14.0\okio-1.14.0.jar;C:\Users\pamaniva\.m2\repository\com\relevantcodes\extentreports\2.41.2\extentreports-2.41.2.jar;C:\Users\pamaniva\.m2\repository\org\jsoup\jsoup\1.8.3\jsoup-1.8.3.jar;C:\Users\pamaniva\.m2\repository\org\xerial\sqlite-jdbc\3.8.11.1\sqlite-jdbc-3.8.11.1.jar;C:\Users\pamaniva\.m2\repository\org\freemarker\freemarker\2.3.23\freemarker-2.3.23.jar;C:\Users\pamaniva\.m2\repository\org\mongodb\mongodb-driver\3.0.4\mongodb-driver-3.0.4.jar;C:\Users\pamaniva\.m2\repository\org\mongodb\bson\3.0.4\bson-3.0.4.jar;C:\Users\pamaniva\.m2\repository\org\mongodb\mongodb-driver-core\3.0.4\mongodb-driver-core-3.0.4.jar;"/>
    <property name="sun.cpu.endian" value="little"/>
    <property name="user.home" value="C:\Users\pamaniva"/>
    <property name="user.language" value="en"/>
    <property name="java.specification.vendor" value="Oracle Corporation"/>
    <property name="java.version.date" value="2021-07-20"/>
    <property name="java.home" value="C:\Program Files\Java\jdk-11.0.12"/>
    <property name="file.separator" value="\"/>
    <property name="basedir" value="C:\Users\pamaniva\eclipse-workspace\Flyaway"/>
    <property name="java.vm.compressedOopsMode" value="Zero based"/>
    <property name="line.separator" value="&#10;"/>
    <property name="java.specification.name" value="Java Platform API Specification"/>
    <property name="java.vm.specification.vendor" value="Oracle Corporation"/>
    <property name="java.awt.graphicsenv" value="sun.awt.Win32GraphicsEnvironment"/>
    <property name="surefire.real.class.path" value="C:\Users\pamaniva\AppData\Local\Temp\surefire7947123928929484795\surefirebooter11571798042547634836.jar"/>
    <property name="user.script" value=""/>
    <property name="sun.management.compiler" value="HotSpot 64-Bit Tiered Compilers"/>
    <property name="java.runtime.version" value="11.0.12+8-LTS-237"/>
    <property name="user.name" value="pamaniva"/>
    <property name="path.separator" value=";"/>
    <property name="os.version" value="10.0"/>
    <property name="java.runtime.name" value="Java(TM) SE Runtime Environment"/>
    <property name="file.encoding" value="Cp1252"/>
    <property name="java.vm.name" value="Java HotSpot(TM) 64-Bit Server VM"/>
    <property name="java.vendor.version" value="18.9"/>
    <property name="localRepository" value="C:\Users\pamaniva\.m2\repository"/>
    <property name="java.vendor.url.bug" value="https://bugreport.java.com/bugreport/"/>
    <property name="java.io.tmpdir" value="C:\Users\pamaniva\AppData\Local\Temp\"/>
    <property name="java.version" value="11.0.12"/>
    <property name="user.dir" value="C:\Users\pamaniva\eclipse-workspace\Flyaway"/>
    <property name="os.arch" value="amd64"/>
    <property name="java.vm.specification.name" value="Java Virtual Machine Specification"/>
    <property name="java.awt.printerjob" value="sun.awt.windows.WPrinterJob"/>
    <property name="sun.os.patch.level" value=""/>
    <property name="java.library.path" value="C:\Program Files\Java\jdk-11.0.12\bin;C:\Windows\Sun\Java\bin;C:\Windows\system32;C:\Windows;C:\installables\Maven/bin;C:\Program Files\Java\jdk-11.0.12/bin;C:\Program Files\Java\jdk-11.0.12/bin;C:\Program Files\Common Files\Oracle\Java\javapath;C:\Windows\system32;C:\Windows;C:\Windows\System32\Wbem;C:\Windows\System32\WindowsPowerShell\v1.0\;C:\Windows\System32\OpenSSH\;C:\installables\ANT\bin;C:\installables\node;C:\Users\pamaniva\AppData\Local\Android\Sdk\platform-tools;C:\Users\pamaniva\AppData\Local\Android\Sdk\tools;C:\Users\pamaniva\AppData\Local\Microsoft\WindowsApps;;C:\Users\pamaniva\AppData\Local\Programs\Microsoft VS Code\bin;."/>
    <property name="java.vendor" value="Oracle Corporation"/>
    <property name="java.vm.info" value="mixed mode"/>
    <property name="java.vm.version" value="11.0.12+8-LTS-237"/>
    <property name="sun.io.unicode.encoding" value="UnicodeLittle"/>
    <property name="java.class.version" value="55.0"/>
  </properties>
  <testcase name="runScenario[&quot;User Registration&quot;, &quot;Optional[Registration]&quot;](1)" classname="com.runner.TestRunner" time="21.347">
    <system-out><![CDATA[
@tagRegister @tag1
Scenario: User Registration                 &amp#27;[90m# src/test/resources/Features/1.Registration.feature:24&amp#27;[0m
user has opened Application
  &amp#27;[32mGiven &amp#27;[0m&amp#27;[32muser has opened Application&amp#27;[0m         &amp#27;[90m# stepDefinitions.AllSteps.user_has_opened_Application()&amp#27;[0m
user opens Home page
  &amp#27;[32mWhen &amp#27;[0m&amp#27;[32muser opens Home page&amp#27;[0m                 &amp#27;[90m# stepDefinitions.AllSteps.user_opens_Home_page()&amp#27;[0m
user should be navigated to home page
  &amp#27;[32mAnd &amp#27;[0m&amp#27;[32muser should be navigated to home page&amp#27;[0m &amp#27;[90m# stepDefinitions.AllSteps.user_should_be_navigated_to_home_page()&amp#27;[0m
user has opened login page
  &amp#27;[32mAnd &amp#27;[0m&amp#27;[32muser has opened login page&amp#27;[0m            &amp#27;[90m# stepDefinitions.AllSteps.user_has_opened_login_page()&amp#27;[0m
user opts to register
  &amp#27;[32mWhen &amp#27;[0m&amp#27;[32muser opts to register&amp#27;[0m                &amp#27;[90m# stepDefinitions.AllSteps.user_opts_to_register()&amp#27;[0m
user enters details required
  &amp#27;[32mAnd &amp#27;[0m&amp#27;[32muser enters details&amp#27;[0m                   &amp#27;[90m# stepDefinitions.AllSteps.user_enters_details()&amp#27;[0m
user enter sign up button
  &amp#27;[32mAnd &amp#27;[0m&amp#27;[32muser enter sign up button&amp#27;[0m             &amp#27;[90m# stepDefinitions.AllSteps.user_enter_sign_up_button()&amp#27;[0m
user sign up successfully
  &amp#27;[32mThen &amp#27;[0m&amp#27;[32muser sign up successfully&amp#27;[0m            &amp#27;[90m# stepDefinitions.AllSteps.user_sign_up_successfully()&amp#27;[0m
]]></system-out>
    <system-err><![CDATA[Starting ChromeDriver 95.0.4638.69 (6a1600ed572fedecd573b6c2b90a22fe6392a410-refs/branch-heads/4638@{#984}) on port 23247
Only local connections are allowed.
Please see https://chromedriver.chromium.org/security-considerations for suggestions on keeping ChromeDriver safe.
ChromeDriver was started successfully.
[1640525371.221][WARNING]: This version of ChromeDriver has not been tested with Chrome version 96.
Dec 26, 2021 6:59:31 PM org.openqa.selenium.remote.ProtocolHandshake createSession
INFO: Detected dialect: W3C
]]></system-err>
  </testcase>
  <testcase name="runScenario[&quot;Login&quot;, &quot;Optional[Login]&quot;](2)" classname="com.runner.TestRunner" time="10.821">
    <system-out><![CDATA[
@tagLogin @tag1
Scenario: Login                                 &amp#27;[90m# src/test/resources/Features/2.Login.feature:24&amp#27;[0m
user has on registration confirmed page
  &amp#27;[32mGiven &amp#27;[0m&amp#27;[32muser has on registration confirmed page&amp#27;[0m &amp#27;[90m# stepDefinitions.AllSteps.user_has_on_registration_confirmed_page()&amp#27;[0m
user clicks on login page
  &amp#27;[32mWhen &amp#27;[0m&amp#27;[32muser clicks on login page&amp#27;[0m                &amp#27;[90m# stepDefinitions.AllSteps.user_clicks_on_login_page()&amp#27;[0m
user enter login details
  &amp#27;[32mAnd &amp#27;[0m&amp#27;[32muser enter login details&amp#27;[0m                  &amp#27;[90m# stepDefinitions.AllSteps.user_enter_login_details()&amp#27;[0m
user logged in
  &amp#27;[32mThen &amp#27;[0m&amp#27;[32muser logged in&amp#27;[0m                           &amp#27;[90m# stepDefinitions.AllSteps.user_logged_in()&amp#27;[0m
]]></system-out>
  </testcase>
  <testcase name="runScenario[&quot;Booking&quot;, &quot;Optional[Booking]&quot;](3)" classname="com.runner.TestRunner" time="27.479">
    <system-out><![CDATA[
@tagBooking @tag1
Scenario: Booking                                                            &amp#27;[90m# src/test/resources/Features/3.Booking.feature:24&amp#27;[0m
User is on dashboard
  &amp#27;[32mGiven &amp#27;[0m&amp#27;[32mUser is on dashboard&amp#27;[0m                                                 &amp#27;[90m# stepDefinitions.AllSteps.user_is_on_dashboard()&amp#27;[0m
user clicks home
  &amp#27;[32mWhen &amp#27;[0m&amp#27;[32muser clicks home&amp#27;[0m                                                      &amp#27;[90m# stepDefinitions.AllSteps.user_clicks_home()&amp#27;[0m
user selects bangalore as from place
user selects hyderabad as to place
  &amp#27;[32mAnd &amp#27;[0m&amp#27;[32muser selects bangalore as from place and selects hyderabad as to place&amp#27;[0m &amp#27;[90m# stepDefinitions.AllSteps.user_selects_bangalore_as_from_place()&amp#27;[0m
user clicks submit button
  &amp#27;[32mAnd &amp#27;[0m&amp#27;[32muser clicks submit button&amp#27;[0m                                              &amp#27;[90m# stepDefinitions.AllSteps.user_clicks_submit_button()&amp#27;[0m
user clicks Book flight button
  &amp#27;[32mAnd &amp#27;[0m&amp#27;[32muser clicks Book flight button&amp#27;[0m                                         &amp#27;[90m# stepDefinitions.AllSteps.user_clicks_Book_flight_button()&amp#27;[0m
user clicks complete bookings button
  &amp#27;[32mAnd &amp#27;[0m&amp#27;[32muser clicks complete bookings button&amp#27;[0m                                   &amp#27;[90m# stepDefinitions.AllSteps.user_clicks_complete_bookings_button()&amp#27;[0m
user clicks see your bookings button
  &amp#27;[32mAnd &amp#27;[0m&amp#27;[32muser clicks see your bookings button&amp#27;[0m                                   &amp#27;[90m# stepDefinitions.AllSteps.user_clicks_see_your_bookings_button()&amp#27;[0m
user see the flyaway bookings
  &amp#27;[32mThen &amp#27;[0m&amp#27;[32muser see the flyaway bookings&amp#27;[0m                                         &amp#27;[90m# stepDefinitions.AllSteps.user_see_the_flyaway_bookings()&amp#27;[0m
]]></system-out>
  </testcase>
</testsuite>