<?xml version="1.0" encoding="UTF-8"?>
<!-- Generated by org.testng.reporters.JUnitReportReporter -->
<testsuite hostname="CSCO-W-PF2S47PG" failures="0" tests="3" name="com.runner.TestRunner" time="57.949" errors="0" timestamp="2021-12-26T19:26:56 IST" skipped="0">
  <testcase classname="com.runner.TestRunner" name="runScenario" time="10.681"/>
  <system-out/>
  <testcase classname="com.runner.TestRunner" name="runScenario" time="26.779"/>
  <system-out/>
  <testcase classname="com.runner.TestRunner" name="runScenario" time="20.489"/>
  <system-out/>
</testsuite> <!-- com.runner.TestRunner -->
