<?xml version="1.0" encoding="UTF-8"?>
<!-- Generated by org.testng.reporters.JUnitReportReporter -->
<testsuite hostname="CSCO-W-PF2S47PG" failures="0" tests="3" name="com.runner.TestRunner3" time="58.261" errors="0" timestamp="2021-12-26T14:11:36 IST" skipped="0">
  <testcase classname="com.runner.TestRunner3" name="runScenario" time="26.870"/>
  <system-out/>
  <testcase classname="com.runner.TestRunner3" name="runScenario" time="10.898"/>
  <system-out/>
  <testcase classname="com.runner.TestRunner3" name="runScenario" time="20.493"/>
  <system-out/>
</testsuite> <!-- com.runner.TestRunner3 -->
