<?xml version="1.0" encoding="UTF-8"?>
<!-- Generated by org.testng.reporters.JUnitReportReporter -->
<testsuite hostname="CSCO-W-PF2S47PG" failures="0" tests="3" name="com.runner.TestRunner" time="59.644" errors="0" timestamp="2021-12-26T19:00:28 IST" skipped="0">
  <testcase classname="com.runner.TestRunner" name="runScenario" time="10.848"/>
  <system-out/>
  <testcase classname="com.runner.TestRunner" name="runScenario" time="21.318"/>
  <system-out/>
  <testcase classname="com.runner.TestRunner" name="runScenario" time="27.478"/>
  <system-out/>
</testsuite> <!-- com.runner.TestRunner -->
